
============================================================
🧪 V4.10.3 50 题自动化测试
============================================================
测试开始时间：2026-03-18 11:00:27
测试案例数量：50
============================================================

📝 测试 #1 (joint_play)
   输入：我女儿跟小朋友玩的时候，总以为自己跟别人在玩，其实人家没带她玩。比如抓人游戏，一群孩子在那儿跑，她也...
   ❌ 失败
      - 未提取到功能假设
      - 未提取到能力缺口

📝 测试 #2 (joint_play)
   输入：游戏规则明明有好多条，我儿子只记得住 3 条，然后就反复说这 3 条。比如抓人游戏，他就只会说"你是...
   ❌ 失败
      - 未提取到功能假设
      - 未提取到能力缺口

📝 测试 #3 (joint_play)
   输入：孩子在游乐场想加入其他小朋友，但不知道怎么玩。他就站在旁边看，或者冲过去抢玩具，结果其他孩子都不跟他...
   ❌ 失败
      - 未提取到功能假设
      - 未提取到能力缺口

📝 测试 #4 (joint_play)
   输入：我女儿玩滑梯的时候，别的小朋友在排队，她直接插队，还说"我们一起玩吧"，结果其他孩子都躲着她。...
   ❌ 失败
      - 未提取到功能假设
      - 未提取到能力缺口

📝 测试 #5 (joint_play)
   输入：孩子玩捉迷藏，他一直躲在同一个地方，别的孩子都换地方了他不换，结果每次都被找到，他还觉得很好玩。...
   ❌ 失败
      - 未提取到功能假设
      - 未提取到能力缺口

📝 测试 #6 (joint_play)
   输入：我儿子在幼儿园玩积木，别的孩子都在搭城堡，他一个人在旁边搭小汽车，老师说叫他加入他也不加入。...
   ❌ 失败
      - 未提取到功能假设
      - 未提取到能力缺口

📝 测试 #7 (joint_play)
   输入：孩子玩秋千，别的小朋友想玩，他不肯让，说"我先来的"，但其实他已经玩很久了。...
   ❌ 失败
      - 未提取到功能假设
      - 未提取到能力缺口

📝 测试 #8 (joint_play)
   输入：我女儿跟小朋友玩"过家家"，她一直当"妈妈"，不让别人当，结果其他孩子都不跟她玩了。...
   ❌ 失败
      - 未提取到功能假设
      - 未提取到能力缺口

📝 测试 #9 (joint_play)
   输入：孩子在公园玩沙子，别的孩子想加入，他把沙子扬起来说"这是我的"，然后其他孩子就走了。...
   ❌ 失败
      - 未提取到功能假设
      - 未提取到能力缺口

📝 测试 #10 (joint_play)
   输入：我儿子玩拼图，别的小朋友想一起玩，他把拼图藏起来说"我自己玩"，然后一个人拼了半天。...
   ❌ 失败
      - 未提取到功能假设
      - 未提取到能力缺口

📝 测试 #11 (conversation_intro)
   输入：我女儿给别人介绍朋友的时候，就像完成任务一样，说完"他叫小明，是我的好朋友"就走了，也不看人家有没有...
   ❌ 失败
      - 未提取到功能假设
      - 未提取到能力缺口

📝 测试 #12 (conversation_intro)
   输入：孩子跟别人说话的时候，说完自己的就不管了，也不问别人问题，就站在那里等，也不知道该干嘛。...
   ❌ 失败
      - 未提取到功能假设
      - 未提取到能力缺口

📝 测试 #13 (conversation_intro)
   输入：我儿子跟小朋友聊天，就一直说自己喜欢什么，也不听别人说，别人想插话他也停不下来。...
   ❌ 失败
      - 未提取到功能假设
      - 未提取到能力缺口

📝 测试 #14 (conversation_intro)
   输入：孩子问别人问题，人家还没回答完，他就又问下一个，感觉就是走个形式，不是真的想知道答案。...
   ❌ 失败
      - 未提取到功能假设
      - 未提取到能力缺口

📝 测试 #15 (conversation_intro)
   输入：我女儿给别人看她的画，展示完就问"好看吗"，人家说"好看"她就走了，也不解释画的是什么。...
   ❌ 失败
      - 未提取到功能假设
      - 未提取到能力缺口

📝 测试 #16 (conversation_intro)
   输入：孩子跟别人说话的时候，眼睛不看对方，就看别的地方，说完就走，感觉特别敷衍。...
   ❌ 失败
      - 未提取到功能假设
      - 未提取到能力缺口

📝 测试 #17 (conversation_intro)
   输入：我儿子跟小朋友打招呼，说完"你好"就没了下文，就站着等，也不知道该说什么。...
   ❌ 失败
      - 未提取到功能假设
      - 未提取到能力缺口

📝 测试 #18 (conversation_intro)
   输入：孩子给别人讲故事，讲完就问"讲完了"，也不看人家想不想听，也不问人家有没有听懂。...
   ❌ 失败
      - 未提取到功能假设
      - 未提取到能力缺口

📝 测试 #19 (conversation_intro)
   输入：我女儿跟别人分享玩具，说"给你玩"，然后把玩具递过去就走了，也不教人家怎么玩。...
   ❌ 失败
      - 未提取到功能假设
      - 未提取到能力缺口

📝 测试 #20 (conversation_intro)
   输入：孩子跟别人道歉，说完"对不起"就完了，也不看人家接不接受，就觉得自己已经道歉了。...
   ❌ 失败
      - 未提取到功能假设
      - 未提取到能力缺口

📝 测试 #21 (rules_rigidity)
   输入：我儿子每天回家必须走同一条路，有一次换了条路走，他就崩溃大哭，说"不对不对"。...
   ❌ 失败
      - 未提取到功能假设
      - 未提取到能力缺口

📝 测试 #22 (rules_rigidity)
   输入：孩子吃饭必须用同一个碗，有一次用了别的碗，他就不吃，说"这不是我的碗"。...
   ❌ 失败
      - 未提取到功能假设
      - 未提取到能力缺口

📝 测试 #23 (rules_rigidity)
   输入：我女儿睡觉前必须先把玩具排好，有一次我帮她收了，她就哭，说"不是这样排的"。...
   ❌ 失败
      - 未提取到功能假设
      - 未提取到能力缺口

📝 测试 #24 (rules_rigidity)
   输入：孩子穿衣服必须按特定顺序，先穿袜子再穿裤子，有一次我先给他穿裤子，他就脱了重新穿。...
   ❌ 失败
      - 未提取到功能假设
      - 未提取到能力缺口

📝 测试 #25 (rules_rigidity)
   输入：我儿子看电视必须看同一集，反复看，有一次我换了下一集，他就发脾气，说"还要看这个"。...
   ❌ 失败
      - 未提取到功能假设
      - 未提取到能力缺口

📝 测试 #26 (rules_rigidity)
   输入：孩子画画必须用同一支笔，有一次笔没水了，他就不用别的笔，就不画了。...
