
============================================================
🧪 V4.10.3 50 题自动化测试
============================================================
测试开始时间：2026-03-18 11:41:41
测试案例数量：50
============================================================

📝 测试 #1 (joint_play)
   输入：我女儿跟小朋友玩的时候，总以为自己跟别人在玩，其实人家没带她玩。比如抓人游戏，一群孩子在那儿跑，她也...
   ✅ 通过
      假设：社交技能不足...
      能力缺口：社交信号监测能力弱（难以判断自己是否真正参与游戏）、认知灵活性不足（难以根据情境调整行为）...

📝 测试 #2 (joint_play)
   输入：游戏规则明明有好多条，我儿子只记得住 3 条，然后就反复说这 3 条。比如抓人游戏，他就只会说"你是...
   ✅ 通过
      假设：社交技能不足...
      能力缺口：社交信号监测弱（难以实时监测他人反应和游戏状态）、认知灵活性不足（难以处理多变的游戏规则）、观点采择应用困难（难以快速推...

📝 测试 #3 (joint_play)
   输入：孩子在游乐场想加入其他小朋友，但不知道怎么玩。他就站在旁边看，或者冲过去抢玩具，结果其他孩子都不跟他...
   ❌ 失败
      - 未提取到功能假设
      - 未提取到能力缺口

📝 测试 #4 (joint_play)
   输入：我女儿玩滑梯的时候，别的小朋友在排队，她直接插队，还说"我们一起玩吧"，结果其他孩子都躲着她。...
   ✅ 通过
      假设：社交技能不足...
      能力缺口：能力缺口包括社交信号监测（难以识别排队信号）和观点采择（难以理解他人对插队的感受）...

📝 测试 #5 (joint_play)
   输入：孩子玩捉迷藏，他一直躲在同一个地方，别的孩子都换地方了他不换，结果每次都被找到，他还觉得很好玩。...
   ✅ 通过
      假设：社交技能不足...
      能力缺口：社交灵活性（难以根据情境变化调整行为）和观点采择（难以推断他人想法和意图）...

📝 测试 #6 (joint_play)
   输入：我儿子在幼儿园玩积木，别的孩子都在搭城堡，他一个人在旁边搭小汽车，老师说叫他加入他也不加入。...
   ✅ 通过
      假设：社交技能不足...
      能力缺口：能力缺口包括社交信号监测弱（难以识别他人邀请）和认知灵活性不足（难以切换游戏主题）。...

📝 测试 #7 (joint_play)
   输入：孩子玩秋千，别的小朋友想玩，他不肯让，说"我先来的"，但其实他已经玩很久了。...
   ✅ 通过
      假设：社交技能不足...
      能力缺口：社交灵活性（难以轮流等待）和观点采择（难以理解他人感受）...

📝 测试 #8 (joint_play)
   输入：我女儿跟小朋友玩"过家家"，她一直当"妈妈"，不让别人当，结果其他孩子都不跟她玩了。...
   ✅ 通过
      假设：社交技能不足...
      能力缺口：社交灵活性（难以适应轮流规则）和观点采择（难以理解他人感受）...

📝 测试 #9 (joint_play)
   输入：孩子在公园玩沙子，别的孩子想加入，他把沙子扬起来说"这是我的"，然后其他孩子就走了。...
   ✅ 通过
      假设：社交技能不足...
      能力缺口：社交灵活性（难以适应变化）、观点采择（难以理解他人意图）...

📝 测试 #10 (joint_play)
   输入：我儿子玩拼图，别的小朋友想一起玩，他把拼图藏起来说"我自己玩"，然后一个人拼了半天。...
   ✅ 通过
      假设：社交技能不足...
      能力缺口：社交信号监测弱和认知灵活性不足...

📝 测试 #11 (conversation_intro)
   输入：我女儿给别人介绍朋友的时候，就像完成任务一样，说完"他叫小明，是我的好朋友"就走了，也不看人家有没有...
   ✅ 通过
      假设：社交技能不足...
      能力缺口：社交信号监测弱（不看对方反应）、观点采择应用困难（难以推断对方需求）...

📝 测试 #12 (conversation_intro)
   输入：孩子跟别人说话的时候，说完自己的就不管了，也不问别人问题，就站在那里等，也不知道该干嘛。...
   ❌ 失败
      - 未提取到功能假设
      - 未提取到能力缺口

📝 测试 #13 (conversation_intro)
   输入：我儿子跟小朋友聊天，就一直说自己喜欢什么，也不听别人说，别人想插话他也停不下来。...
   ✅ 通过
      假设：社交技能不足...
      能力缺口：社交信号监测（难以识别他人插话意图）和认知灵活性（难以在对话中切换焦点）...

📝 测试 #14 (conversation_intro)
   输入：孩子问别人问题，人家还没回答完，他就又问下一个，感觉就是走个形式，不是真的想知道答案。...
   ✅ 通过
      假设：社交技能不足...
      能力缺口：能力缺口包括社交信号监测（难以监测他人回应）和观点采择（难以理解他人感受和意图）。...

📝 测试 #15 (conversation_intro)
   输入：我女儿给别人看她的画，展示完就问"好看吗"，人家说"好看"她就走了，也不解释画的是什么。...
   ✅ 通过
      假设：社交技能不足...
      能力缺口：社交对话的启动与维持、观点采择（理解他人兴趣和期待）、社交灵活性（适应对话变化）。...

📝 测试 #16 (conversation_intro)
   输入：孩子跟别人说话的时候，眼睛不看对方，就看别的地方，说完就走，感觉特别敷衍。...
   ✅ 通过
      假设：社交技能不足...
      能力缺口：社交信号监测（难以同时处理语言内容和非语言信号）、认知灵活性（缺乏'说话-等待-回应'的社交脚本）...

📝 测试 #17 (conversation_intro)
   输入：我儿子跟小朋友打招呼，说完"你好"就没了下文，就站着等，也不知道该说什么。...
   ❌ 失败
      - 未提取到功能假设
      - 未提取到能力缺口

📝 测试 #18 (conversation_intro)
   输入：孩子给别人讲故事，讲完就问"讲完了"，也不看人家想不想听，也不问人家有没有听懂。...
   ✅ 通过
      假设：社交技能不足...
      能力缺口：能力缺口包括社交信号监测（难以观察他人兴趣和反应）和观点采择（难以理解他人是否听懂、是否需要进一步解释）...

📝 测试 #19 (conversation_intro)
   输入：我女儿跟别人分享玩具，说"给你玩"，然后把玩具递过去就走了，也不教人家怎么玩。...
   ✅ 通过
      假设：社交技能不足...
      能力缺口：观点采择（难以理解他人需要引导）和社交脚本完整性（对多步骤互动序列掌握不足）。...

📝 测试 #20 (conversation_intro)
   输入：孩子跟别人道歉，说完"对不起"就完了，也不看人家接不接受，就觉得自己已经道歉了。...
   ✅ 通过
      假设：社交技能不足...
      能力缺口：1. 社交信号监测：难以读取对方是否接受道歉的非语言信号（表情、肢体语言）
2. 观点采择：无法理解道歉的有效性取决于对...

📝 测试 #21 (rules_rigidity)
   输入：我儿子每天回家必须走同一条路，有一次换了条路走，他就崩溃大哭，说"不对不对"。...
   ❌ 失败
      - 假设不匹配：预期'坚持同一性', 实际'提示依赖下的逃避'
      - 能力缺口不匹配：预期'['认知灵活性', '灵活性']', 实际'工作记忆容量有限（难以记住多步骤序列）和持续性注意不足（无法在提示间隙自我维持任务）'

📝 测试 #22 (rules_rigidity)
   输入：孩子吃饭必须用同一个碗，有一次用了别的碗，他就不吃，说"这不是我的碗"。...
   ❌ 失败
      - 假设不匹配：预期'坚持同一性', 实际'提示依赖下的逃避'
      - 能力缺口不匹配：预期'['认知灵活性', '灵活性']', 实际'工作记忆（难以记住'这是我的碗'）和持续性注意（难以在没有提示下维持任务参与）的挑战。'

📝 测试 #23 (rules_rigidity)
   输入：我女儿睡觉前必须先把玩具排好，有一次我帮她收了，她就哭，说"不是这样排的"。...
   ❌ 失败
      - 假设不匹配：预期'坚持同一性', 实际'提示依赖下的逃避'
      - 能力缺口不匹配：预期'['认知灵活性', '灵活性']', 实际'工作记忆（难以记住多步骤序列）和持续性注意（无法在提示间隙自我维持任务表征）的挑战。'

📝 测试 #24 (rules_rigidity)
   输入：孩子穿衣服必须按特定顺序，先穿袜子再穿裤子，有一次我先给他穿裤子，他就脱了重新穿。...
   ❌ 失败
      - 假设不匹配：预期'坚持同一性', 实际'提示依赖下的逃避'
      - 能力缺口不匹配：预期'['认知灵活性', '灵活性']', 实际'工作记忆（难以记住多步骤序列）和持续性注意（无法在提示间隙自我维持任务表征）的挑战。'

📝 测试 #25 (rules_rigidity)
   输入：我儿子看电视必须看同一集，反复看，有一次我换了下一集，他就发脾气，说"还要看这个"。...
   ❌ 失败
      - 未提取到功能假设
      - 未提取到能力缺口

📝 测试 #26 (rules_rigidity)
   输入：孩子画画必须用同一支笔，有一次笔没水了，他就不用别的笔，就不画了。...
   ❌ 失败
      - 假设不匹配：预期'坚持同一性', 实际'提示依赖下的逃避'
      - 能力缺口不匹配：预期'['认知灵活性', '灵活性']', 实际'工作记忆（难以记住任务步骤）和持续性注意（无法在提示间隙自我维持任务表征）。'

📝 测试 #27 (rules_rigidity)
   输入：我女儿出门必须自己按电梯按钮，有一次我按了，她就让我重新按，她来按。...
